Determining if the pthread_create exist failed with the following output:
Change Dir: /home/lafith/auvsim_ws/src/auvsimulator/auvsim_gazebo/plugins/build/CMakeFiles/CMakeTmp

Run Build Command:"/usr/bin/make" "cmTC_6115b/fast"
/usr/bin/make -f CMakeFiles/cmTC_6115b.dir/build.make CMakeFiles/cmTC_6115b.dir/build
make[1]: Entering directory '/home/lafith/auvsim_ws/src/auvsimulator/auvsim_gazebo/plugins/build/CMakeFiles/CMakeTmp'
Building C object CMakeFiles/cmTC_6115b.dir/CheckSymbolExists.c.o
/usr/bin/cc    -o CMakeFiles/cmTC_6115b.dir/CheckSymbolExists.c.o   -c /home/lafith/auvsim_ws/src/auvsimulator/auvsim_gazebo/plugins/build/CMakeFiles/CMakeTmp/CheckSymbolExists.c
Linking C executable cmTC_6115b
/usr/bin/cmake -E cmake_link_script CMakeFiles/cmTC_6115b.dir/link.txt --verbose=1
/usr/bin/cc      -rdynamic CMakeFiles/cmTC_6115b.dir/CheckSymbolExists.c.o  -o cmTC_6115b 
CMakeFiles/cmTC_6115b.dir/CheckSymbolExists.c.o: In function `main':
CheckSymbolExists.c:(.text+0x1b): undefined reference to `pthread_create'
collect2: error: ld returned 1 exit status
CMakeFiles/cmTC_6115b.dir/build.make:97: recipe for target 'cmTC_6115b' failed
make[1]: *** [cmTC_6115b] Error 1
make[1]: Leaving directory '/home/lafith/auvsim_ws/src/auvsimulator/auvsim_gazebo/plugins/build/CMakeFiles/CMakeTmp'
Makefile:126: recipe for target 'cmTC_6115b/fast' failed
make: *** [cmTC_6115b/fast] Error 2

File /home/lafith/auvsim_ws/src/auvsimulator/auvsim_gazebo/plugins/build/CMakeFiles/CMakeTmp/CheckSymbolExists.c:
/* */
#include <pthread.h>

int main(int argc, char** argv)
{
  (void)argv;
#ifndef pthread_create
  return ((int*)(&pthread_create))[argc];
#else
  (void)argc;
  return 0;
#endif
}

Determining if the function pthread_create exists in the pthreads failed with the following output:
Change Dir: /home/lafith/auvsim_ws/src/auvsimulator/auvsim_gazebo/plugins/build/CMakeFiles/CMakeTmp

Run Build Command:"/usr/bin/make" "cmTC_86cab/fast"
/usr/bin/make -f CMakeFiles/cmTC_86cab.dir/build.make CMakeFiles/cmTC_86cab.dir/build
make[1]: Entering directory '/home/lafith/auvsim_ws/src/auvsimulator/auvsim_gazebo/plugins/build/CMakeFiles/CMakeTmp'
Building C object CMakeFiles/cmTC_86cab.dir/CheckFunctionExists.c.o
/usr/bin/cc   -DCHECK_FUNCTION_EXISTS=pthread_create   -o CMakeFiles/cmTC_86cab.dir/CheckFunctionExists.c.o   -c /usr/share/cmake-3.10/Modules/CheckFunctionExists.c
Linking C executable cmTC_86cab
/usr/bin/cmake -E cmake_link_script CMakeFiles/cmTC_86cab.dir/link.txt --verbose=1
/usr/bin/cc  -DCHECK_FUNCTION_EXISTS=pthread_create    -rdynamic CMakeFiles/cmTC_86cab.dir/CheckFunctionExists.c.o  -o cmTC_86cab -lpthreads 
/usr/bin/ld: cannot find -lpthreads
collect2: error: ld returned 1 exit status
CMakeFiles/cmTC_86cab.dir/build.make:97: recipe for target 'cmTC_86cab' failed
make[1]: *** [cmTC_86cab] Error 1
make[1]: Leaving directory '/home/lafith/auvsim_ws/src/auvsimulator/auvsim_gazebo/plugins/build/CMakeFiles/CMakeTmp'
Makefile:126: recipe for target 'cmTC_86cab/fast' failed
make: *** [cmTC_86cab/fast] Error 2


